<?xml version="1.0" encoding="UTF-8"?>
<testsuite xmlns:xsi="http://www.w3.org/2001/XMLSchema-instance" xsi:noNamespaceSchemaLocation="https://maven.apache.org/surefire/maven-surefire-plugin/xsd/surefire-test-report.xsd" name="com.cloudacademy.bitcoin.ConverterSvcTest" time="0.18" tests="15" errors="0" skipped="0" failures="0">
  <properties>
    <property name="java.specification.version" value="21"/>
    <property name="sun.jnu.encoding" value="UTF-8"/>
    <property name="java.class.path" value="/Users/paulaspinall/code/Practice/QABitCoinConverter/bitcoin-converter-svc-lib/target/test-classes:/Users/paulaspinall/code/Practice/QABitCoinConverter/bitcoin-converter-svc-lib/target/classes:/Users/paulaspinall/.m2/repository/org/mockito/mockito-core/3.5.13/mockito-core-3.5.13.jar:/Users/paulaspinall/.m2/repository/net/bytebuddy/byte-buddy/1.10.15/byte-buddy-1.10.15.jar:/Users/paulaspinall/.m2/repository/net/bytebuddy/byte-buddy-agent/1.10.15/byte-buddy-agent-1.10.15.jar:/Users/paulaspinall/.m2/repository/org/objenesis/objenesis/3.1/objenesis-3.1.jar:/Users/paulaspinall/.m2/repository/org/junit/jupiter/junit-jupiter-engine/5.7.0/junit-jupiter-engine-5.7.0.jar:/Users/paulaspinall/.m2/repository/org/apiguardian/apiguardian-api/1.1.0/apiguardian-api-1.1.0.jar:/Users/paulaspinall/.m2/repository/org/junit/platform/junit-platform-engine/1.7.0/junit-platform-engine-1.7.0.jar:/Users/paulaspinall/.m2/repository/org/opentest4j/opentest4j/1.2.0/opentest4j-1.2.0.jar:/Users/paulaspinall/.m2/repository/org/junit/platform/junit-platform-commons/1.7.0/junit-platform-commons-1.7.0.jar:/Users/paulaspinall/.m2/repository/org/junit/jupiter/junit-jupiter-api/5.7.0/junit-jupiter-api-5.7.0.jar:/Users/paulaspinall/.m2/repository/org/junit/platform/junit-platform-runner/1.7.0/junit-platform-runner-1.7.0.jar:/Users/paulaspinall/.m2/repository/junit/junit/4.13/junit-4.13.jar:/Users/paulaspinall/.m2/repository/org/hamcrest/hamcrest-core/1.3/hamcrest-core-1.3.jar:/Users/paulaspinall/.m2/repository/org/junit/platform/junit-platform-launcher/1.7.0/junit-platform-launcher-1.7.0.jar:/Users/paulaspinall/.m2/repository/org/junit/platform/junit-platform-suite-api/1.7.0/junit-platform-suite-api-1.7.0.jar:/Users/paulaspinall/.m2/repository/org/apache/httpcomponents/httpclient/4.5.13/httpclient-4.5.13.jar:/Users/paulaspinall/.m2/repository/org/apache/httpcomponents/httpcore/4.4.13/httpcore-4.4.13.jar:/Users/paulaspinall/.m2/repository/commons-logging/commons-logging/1.2/commons-logging-1.2.jar:/Users/paulaspinall/.m2/repository/commons-codec/commons-codec/1.11/commons-codec-1.11.jar:/Users/paulaspinall/.m2/repository/com/google/code/gson/gson/2.8.6/gson-2.8.6.jar:"/>
    <property name="java.vm.vendor" value="Eclipse Adoptium"/>
    <property name="sun.arch.data.model" value="64"/>
    <property name="java.vendor.url" value="https://adoptium.net/"/>
    <property name="os.name" value="Mac OS X"/>
    <property name="java.vm.specification.version" value="21"/>
    <property name="sun.java.launcher" value="SUN_STANDARD"/>
    <property name="user.country" value="US"/>
    <property name="sun.boot.library.path" value="/Users/paulaspinall/.sdkman/candidates/java/21.0.7-tem/lib"/>
    <property name="sun.java.command" value="/Users/paulaspinall/code/Practice/QABitCoinConverter/bitcoin-converter-svc-lib/target/surefire/surefirebooter8196690745475483794.jar /Users/paulaspinall/code/Practice/QABitCoinConverter/bitcoin-converter-svc-lib/target/surefire 2025-08-26T09-10-47_102-jvmRun1 surefire1826964611500427650tmp surefire_06539199961433428205tmp"/>
    <property name="http.nonProxyHosts" value="local|*.local|169.254/16|*.169.254/16"/>
    <property name="jdk.debug" value="release"/>
    <property name="surefire.test.class.path" value="/Users/paulaspinall/code/Practice/QABitCoinConverter/bitcoin-converter-svc-lib/target/test-classes:/Users/paulaspinall/code/Practice/QABitCoinConverter/bitcoin-converter-svc-lib/target/classes:/Users/paulaspinall/.m2/repository/org/mockito/mockito-core/3.5.13/mockito-core-3.5.13.jar:/Users/paulaspinall/.m2/repository/net/bytebuddy/byte-buddy/1.10.15/byte-buddy-1.10.15.jar:/Users/paulaspinall/.m2/repository/net/bytebuddy/byte-buddy-agent/1.10.15/byte-buddy-agent-1.10.15.jar:/Users/paulaspinall/.m2/repository/org/objenesis/objenesis/3.1/objenesis-3.1.jar:/Users/paulaspinall/.m2/repository/org/junit/jupiter/junit-jupiter-engine/5.7.0/junit-jupiter-engine-5.7.0.jar:/Users/paulaspinall/.m2/repository/org/apiguardian/apiguardian-api/1.1.0/apiguardian-api-1.1.0.jar:/Users/paulaspinall/.m2/repository/org/junit/platform/junit-platform-engine/1.7.0/junit-platform-engine-1.7.0.jar:/Users/paulaspinall/.m2/repository/org/opentest4j/opentest4j/1.2.0/opentest4j-1.2.0.jar:/Users/paulaspinall/.m2/repository/org/junit/platform/junit-platform-commons/1.7.0/junit-platform-commons-1.7.0.jar:/Users/paulaspinall/.m2/repository/org/junit/jupiter/junit-jupiter-api/5.7.0/junit-jupiter-api-5.7.0.jar:/Users/paulaspinall/.m2/repository/org/junit/platform/junit-platform-runner/1.7.0/junit-platform-runner-1.7.0.jar:/Users/paulaspinall/.m2/repository/junit/junit/4.13/junit-4.13.jar:/Users/paulaspinall/.m2/repository/org/hamcrest/hamcrest-core/1.3/hamcrest-core-1.3.jar:/Users/paulaspinall/.m2/repository/org/junit/platform/junit-platform-launcher/1.7.0/junit-platform-launcher-1.7.0.jar:/Users/paulaspinall/.m2/repository/org/junit/platform/junit-platform-suite-api/1.7.0/junit-platform-suite-api-1.7.0.jar:/Users/paulaspinall/.m2/repository/org/apache/httpcomponents/httpclient/4.5.13/httpclient-4.5.13.jar:/Users/paulaspinall/.m2/repository/org/apache/httpcomponents/httpcore/4.4.13/httpcore-4.4.13.jar:/Users/paulaspinall/.m2/repository/commons-logging/commons-logging/1.2/commons-logging-1.2.jar:/Users/paulaspinall/.m2/repository/commons-codec/commons-codec/1.11/commons-codec-1.11.jar:/Users/paulaspinall/.m2/repository/com/google/code/gson/gson/2.8.6/gson-2.8.6.jar:"/>
    <property name="sun.cpu.endian" value="little"/>
    <property name="user.home" value="/Users/paulaspinall"/>
    <property name="user.language" value="en"/>
    <property name="java.specification.vendor" value="Oracle Corporation"/>
    <property name="java.version.date" value="2025-04-15"/>
    <property name="java.home" value="/Users/paulaspinall/.sdkman/candidates/java/21.0.7-tem"/>
    <property name="file.separator" value="/"/>
    <property name="basedir" value="/Users/paulaspinall/code/Practice/QABitCoinConverter/bitcoin-converter-svc-lib"/>
    <property name="java.vm.compressedOopsMode" value="Zero based"/>
    <property name="line.separator" value="&#10;"/>
    <property name="java.vm.specification.vendor" value="Oracle Corporation"/>
    <property name="java.specification.name" value="Java Platform API Specification"/>
    <property name="apple.awt.application.name" value="ForkedBooter"/>
    <property name="surefire.real.class.path" value="/Users/paulaspinall/code/Practice/QABitCoinConverter/bitcoin-converter-svc-lib/target/surefire/surefirebooter8196690745475483794.jar"/>
    <property name="sun.management.compiler" value="HotSpot 64-Bit Tiered Compilers"/>
    <property name="ftp.nonProxyHosts" value="local|*.local|169.254/16|*.169.254/16"/>
    <property name="java.runtime.version" value="21.0.7+6-LTS"/>
    <property name="user.name" value="paulaspinall"/>
    <property name="stdout.encoding" value="UTF-8"/>
    <property name="path.separator" value=":"/>
    <property name="os.version" value="15.6.1"/>
    <property name="java.runtime.name" value="OpenJDK Runtime Environment"/>
    <property name="file.encoding" value="UTF-8"/>
    <property name="java.vm.name" value="OpenJDK 64-Bit Server VM"/>
    <property name="java.vendor.version" value="Temurin-21.0.7+6"/>
    <property name="localRepository" value="/Users/paulaspinall/.m2/repository"/>
    <property name="java.vendor.url.bug" value="https://github.com/adoptium/adoptium-support/issues"/>
    <property name="java.io.tmpdir" value="/var/folders/fz/4r0b99997bq6km2vkks44jz40000gn/T/"/>
    <property name="java.version" value="21.0.7"/>
    <property name="user.dir" value="/Users/paulaspinall/code/Practice/QABitCoinConverter/bitcoin-converter-svc-lib"/>
    <property name="os.arch" value="aarch64"/>
    <property name="java.vm.specification.name" value="Java Virtual Machine Specification"/>
    <property name="native.encoding" value="UTF-8"/>
    <property name="java.library.path" value="/Users/paulaspinall/Library/Java/Extensions:/Library/Java/Extensions:/Network/Library/Java/Extensions:/System/Library/Java/Extensions:/usr/lib/java:."/>
    <property name="java.vm.info" value="mixed mode, sharing"/>
    <property name="stderr.encoding" value="UTF-8"/>
    <property name="java.vendor" value="Eclipse Adoptium"/>
    <property name="java.vm.version" value="21.0.7+6-LTS"/>
    <property name="sun.io.unicode.encoding" value="UnicodeBig"/>
    <property name="socksNonProxyHosts" value="local|*.local|169.254/16|*.169.254/16"/>
    <property name="java.class.version" value="65.0"/>
  </properties>
  <testcase name="getExchangeRate_GBP_ReturnsGBPExchangeRate" classname="com.cloudacademy.bitcoin.ConverterSvcTest" time="0.163"/>
  <testcase name="getExchangeRate_ClosingResponseThrowsIOException_ReturnsCorrectErrorCode" classname="com.cloudacademy.bitcoin.ConverterSvcTest" time="0.002"/>
  <testcase name="convertBitcoins_0BitCoinToGBP_ReturnsZeroGBPDollars" classname="com.cloudacademy.bitcoin.ConverterSvcTest" time="0.001"/>
  <testcase name="convertBitcoins_1BitCoinToEUR_ReturnsEURDollars" classname="com.cloudacademy.bitcoin.ConverterSvcTest" time="0.001"/>
  <testcase name="convertBitcoins_0BitCoinToEUR_ReturnsZeroEURDollars" classname="com.cloudacademy.bitcoin.ConverterSvcTest" time="0.001"/>
  <testcase name="convertBitcoins_2BitCoinToEUR_ReturnsEURDollars" classname="com.cloudacademy.bitcoin.ConverterSvcTest" time="0"/>
  <testcase name="convertBitcoins_503ServiceUnavailable_ReturnsCorrectErrorCode" classname="com.cloudacademy.bitcoin.ConverterSvcTest" time="0.001"/>
  <testcase name="convertBitcoins_NegativeBitCoinsToUSD_ThrowsException" classname="com.cloudacademy.bitcoin.ConverterSvcTest" time="0.001"/>
  <testcase name="convertBitcoins_1BitCoinToUSD_ReturnsUSDDollars" classname="com.cloudacademy.bitcoin.ConverterSvcTest" time="0.001"/>
  <testcase name="convertBitcoins_2BitCoinToUSD_ReturnsUSDDollars" classname="com.cloudacademy.bitcoin.ConverterSvcTest" time="0.001"/>
  <testcase name="convertBitcoins_1BitCoinToGBP_ReturnsGBPDollars" classname="com.cloudacademy.bitcoin.ConverterSvcTest" time="0.001"/>
  <testcase name="getExchangeRate_EUR_ReturnsEURExchangeRate" classname="com.cloudacademy.bitcoin.ConverterSvcTest" time="0.001"/>
  <testcase name="convertBitcoins_2BitCoinToGBP_ReturnsGBPDollars" classname="com.cloudacademy.bitcoin.ConverterSvcTest" time="0.001"/>
  <testcase name="getExchangeRate_USD_ReturnsUSDExchangeRate" classname="com.cloudacademy.bitcoin.ConverterSvcTest" time="0.001"/>
  <testcase name="convertBitcoins_0BitCoinToUSD_ReturnsZeroUSDDollars" classname="com.cloudacademy.bitcoin.ConverterSvcTest" time="0.001"/>
</testsuite>